  Robot.cpp
D:\Schoolwork\Degree\Y2S2\Graphics Programming\Graphic-Programming-Assignment\Assignment\Robot.cpp(24,33): warning C4305: 'initializing': truncation from 'double' to 'GLfloat'
D:\Schoolwork\Degree\Y2S2\Graphics Programming\Graphic-Programming-Assignment\Assignment\Robot.cpp(26,33): warning C4305: 'initializing': truncation from 'double' to 'GLfloat'
D:\Schoolwork\Degree\Y2S2\Graphics Programming\Graphic-Programming-Assignment\Assignment\Robot.cpp(99,12): warning C4244: '=': conversion from 'int' to 'float', possible loss of data
D:\Schoolwork\Degree\Y2S2\Graphics Programming\Graphic-Programming-Assignment\Assignment\Robot.cpp(100,12): warning C4244: '=': conversion from 'int' to 'float', possible loss of data
D:\Schoolwork\Degree\Y2S2\Graphics Programming\Graphic-Programming-Assignment\Assignment\Robot.cpp(104,11): warning C4244: '=': conversion from 'int' to 'float', possible loss of data
D:\Schoolwork\Degree\Y2S2\Graphics Programming\Graphic-Programming-Assignment\Assignment\Robot.cpp(105,11): warning C4244: '=': conversion from 'int' to 'float', possible loss of data
D:\Schoolwork\Degree\Y2S2\Graphics Programming\Graphic-Programming-Assignment\Assignment\Robot.cpp(442,50): warning C4305: '+=': truncation from 'double' to 'float'
D:\Schoolwork\Degree\Y2S2\Graphics Programming\Graphic-Programming-Assignment\Assignment\Robot.cpp(443,36): warning C4244: 'argument': conversion from 'double' to 'GLfloat', possible loss of data
D:\Schoolwork\Degree\Y2S2\Graphics Programming\Graphic-Programming-Assignment\Assignment\Robot.cpp(443,16): warning C4244: 'argument': conversion from 'double' to 'GLfloat', possible loss of data
D:\Schoolwork\Degree\Y2S2\Graphics Programming\Graphic-Programming-Assignment\Assignment\Robot.cpp(711,22): warning C4244: '=': conversion from 'double' to 'float', possible loss of data
D:\Schoolwork\Degree\Y2S2\Graphics Programming\Graphic-Programming-Assignment\Assignment\Robot.cpp(712,36): warning C4244: 'argument': conversion from 'double' to 'GLfloat', possible loss of data
D:\Schoolwork\Degree\Y2S2\Graphics Programming\Graphic-Programming-Assignment\Assignment\Robot.cpp(712,16): warning C4244: 'argument': conversion from 'double' to 'GLfloat', possible loss of data
D:\Schoolwork\Degree\Y2S2\Graphics Programming\Graphic-Programming-Assignment\Assignment\Robot.cpp(721,23): warning C4244: '=': conversion from 'double' to 'float', possible loss of data
D:\Schoolwork\Degree\Y2S2\Graphics Programming\Graphic-Programming-Assignment\Assignment\Robot.cpp(722,43): warning C4244: 'argument': conversion from 'double' to 'GLfloat', possible loss of data
D:\Schoolwork\Degree\Y2S2\Graphics Programming\Graphic-Programming-Assignment\Assignment\Robot.cpp(722,17): warning C4244: 'argument': conversion from 'double' to 'GLfloat', possible loss of data
D:\Schoolwork\Degree\Y2S2\Graphics Programming\Graphic-Programming-Assignment\Assignment\Robot.cpp(767,57): warning C4305: 'argument': truncation from 'double' to 'float'
D:\Schoolwork\Degree\Y2S2\Graphics Programming\Graphic-Programming-Assignment\Assignment\Robot.cpp(838,25): warning C4305: 'argument': truncation from 'double' to 'GLfloat'
D:\Schoolwork\Degree\Y2S2\Graphics Programming\Graphic-Programming-Assignment\Assignment\Robot.cpp(840,26): warning C4305: 'argument': truncation from 'double' to 'GLfloat'
D:\Schoolwork\Degree\Y2S2\Graphics Programming\Graphic-Programming-Assignment\Assignment\Robot.cpp(872,57): warning C4305: 'argument': truncation from 'double' to 'float'
D:\Schoolwork\Degree\Y2S2\Graphics Programming\Graphic-Programming-Assignment\Assignment\Robot.cpp(967,33): warning C4305: 'argument': truncation from 'double' to 'GLfloat'
D:\Schoolwork\Degree\Y2S2\Graphics Programming\Graphic-Programming-Assignment\Assignment\Robot.cpp(992,20): warning C4305: 'argument': truncation from 'double' to 'GLfloat'
D:\Schoolwork\Degree\Y2S2\Graphics Programming\Graphic-Programming-Assignment\Assignment\Robot.cpp(993,25): warning C4305: 'argument': truncation from 'double' to 'GLfloat'
D:\Schoolwork\Degree\Y2S2\Graphics Programming\Graphic-Programming-Assignment\Assignment\Robot.cpp(995,29): warning C4305: 'argument': truncation from 'double' to 'GLfloat'
D:\Schoolwork\Degree\Y2S2\Graphics Programming\Graphic-Programming-Assignment\Assignment\Robot.cpp(1013,29): warning C4305: 'argument': truncation from 'double' to 'GLfloat'
D:\Schoolwork\Degree\Y2S2\Graphics Programming\Graphic-Programming-Assignment\Assignment\Robot.cpp(1072,31): warning C4305: 'argument': truncation from 'double' to 'GLfloat'
D:\Schoolwork\Degree\Y2S2\Graphics Programming\Graphic-Programming-Assignment\Assignment\Robot.cpp(1098,33): warning C4305: 'argument': truncation from 'double' to 'GLfloat'
D:\Schoolwork\Degree\Y2S2\Graphics Programming\Graphic-Programming-Assignment\Assignment\Robot.cpp(1128,20): warning C4305: 'argument': truncation from 'double' to 'GLfloat'
D:\Schoolwork\Degree\Y2S2\Graphics Programming\Graphic-Programming-Assignment\Assignment\Robot.cpp(1129,25): warning C4305: 'argument': truncation from 'double' to 'GLfloat'
D:\Schoolwork\Degree\Y2S2\Graphics Programming\Graphic-Programming-Assignment\Assignment\Robot.cpp(1131,29): warning C4305: 'argument': truncation from 'double' to 'GLfloat'
D:\Schoolwork\Degree\Y2S2\Graphics Programming\Graphic-Programming-Assignment\Assignment\Robot.cpp(1148,29): warning C4305: 'argument': truncation from 'double' to 'GLfloat'
D:\Schoolwork\Degree\Y2S2\Graphics Programming\Graphic-Programming-Assignment\Assignment\Robot.cpp(1203,31): warning C4305: 'argument': truncation from 'double' to 'GLfloat'
D:\Schoolwork\Degree\Y2S2\Graphics Programming\Graphic-Programming-Assignment\Assignment\Robot.cpp(1353,34): warning C4305: 'argument': truncation from 'double' to 'GLfloat'
D:\Schoolwork\Degree\Y2S2\Graphics Programming\Graphic-Programming-Assignment\Assignment\Robot.cpp(1369,25): warning C4305: 'argument': truncation from 'double' to 'GLfloat'
D:\Schoolwork\Degree\Y2S2\Graphics Programming\Graphic-Programming-Assignment\Assignment\Robot.cpp(1371,29): warning C4305: 'argument': truncation from 'double' to 'float'
D:\Schoolwork\Degree\Y2S2\Graphics Programming\Graphic-Programming-Assignment\Assignment\Robot.cpp(1376,22): warning C4305: 'argument': truncation from 'double' to 'GLfloat'
D:\Schoolwork\Degree\Y2S2\Graphics Programming\Graphic-Programming-Assignment\Assignment\Robot.cpp(1379,57): warning C4305: 'argument': truncation from 'double' to 'float'
D:\Schoolwork\Degree\Y2S2\Graphics Programming\Graphic-Programming-Assignment\Assignment\Robot.cpp(1384,24): warning C4305: 'argument': truncation from 'double' to 'GLfloat'
D:\Schoolwork\Degree\Y2S2\Graphics Programming\Graphic-Programming-Assignment\Assignment\Robot.cpp(1385,25): warning C4305: 'argument': truncation from 'double' to 'GLfloat'
D:\Schoolwork\Degree\Y2S2\Graphics Programming\Graphic-Programming-Assignment\Assignment\Robot.cpp(1387,58): warning C4305: 'argument': truncation from 'double' to 'float'
D:\Schoolwork\Degree\Y2S2\Graphics Programming\Graphic-Programming-Assignment\Assignment\Robot.cpp(1389,63): warning C4305: 'argument': truncation from 'double' to 'float'
D:\Schoolwork\Degree\Y2S2\Graphics Programming\Graphic-Programming-Assignment\Assignment\Robot.cpp(1393,24): warning C4305: 'argument': truncation from 'double' to 'GLfloat'
D:\Schoolwork\Degree\Y2S2\Graphics Programming\Graphic-Programming-Assignment\Assignment\Robot.cpp(1394,21): warning C4305: 'argument': truncation from 'double' to 'GLfloat'
D:\Schoolwork\Degree\Y2S2\Graphics Programming\Graphic-Programming-Assignment\Assignment\Robot.cpp(1396,57): warning C4305: 'argument': truncation from 'double' to 'float'
D:\Schoolwork\Degree\Y2S2\Graphics Programming\Graphic-Programming-Assignment\Assignment\Robot.cpp(1398,62): warning C4305: 'argument': truncation from 'double' to 'float'
D:\Schoolwork\Degree\Y2S2\Graphics Programming\Graphic-Programming-Assignment\Assignment\Robot.cpp(1403,26): warning C4305: 'argument': truncation from 'double' to 'GLfloat'
D:\Schoolwork\Degree\Y2S2\Graphics Programming\Graphic-Programming-Assignment\Assignment\Robot.cpp(1406,29): warning C4305: 'argument': truncation from 'double' to 'float'
D:\Schoolwork\Degree\Y2S2\Graphics Programming\Graphic-Programming-Assignment\Assignment\Robot.cpp(1411,24): warning C4305: 'argument': truncation from 'double' to 'GLfloat'
D:\Schoolwork\Degree\Y2S2\Graphics Programming\Graphic-Programming-Assignment\Assignment\Robot.cpp(1412,25): warning C4305: 'argument': truncation from 'double' to 'GLfloat'
D:\Schoolwork\Degree\Y2S2\Graphics Programming\Graphic-Programming-Assignment\Assignment\Robot.cpp(1414,57): warning C4305: 'argument': truncation from 'double' to 'float'
D:\Schoolwork\Degree\Y2S2\Graphics Programming\Graphic-Programming-Assignment\Assignment\Robot.cpp(1416,62): warning C4305: 'argument': truncation from 'double' to 'float'
D:\Schoolwork\Degree\Y2S2\Graphics Programming\Graphic-Programming-Assignment\Assignment\Robot.cpp(1421,24): warning C4305: 'argument': truncation from 'double' to 'GLfloat'
D:\Schoolwork\Degree\Y2S2\Graphics Programming\Graphic-Programming-Assignment\Assignment\Robot.cpp(1422,25): warning C4305: 'argument': truncation from 'double' to 'GLfloat'
D:\Schoolwork\Degree\Y2S2\Graphics Programming\Graphic-Programming-Assignment\Assignment\Robot.cpp(1431,24): warning C4305: 'argument': truncation from 'double' to 'GLfloat'
D:\Schoolwork\Degree\Y2S2\Graphics Programming\Graphic-Programming-Assignment\Assignment\Robot.cpp(1432,26): warning C4305: 'argument': truncation from 'double' to 'GLfloat'
D:\Schoolwork\Degree\Y2S2\Graphics Programming\Graphic-Programming-Assignment\Assignment\Robot.cpp(1441,24): warning C4305: 'argument': truncation from 'double' to 'GLfloat'
D:\Schoolwork\Degree\Y2S2\Graphics Programming\Graphic-Programming-Assignment\Assignment\Robot.cpp(1442,23): warning C4305: 'argument': truncation from 'double' to 'GLfloat'
D:\Schoolwork\Degree\Y2S2\Graphics Programming\Graphic-Programming-Assignment\Assignment\Robot.cpp(1452,22): warning C4305: 'argument': truncation from 'double' to 'GLfloat'
D:\Schoolwork\Degree\Y2S2\Graphics Programming\Graphic-Programming-Assignment\Assignment\Robot.cpp(1459,25): warning C4305: 'argument': truncation from 'double' to 'GLfloat'
D:\Schoolwork\Degree\Y2S2\Graphics Programming\Graphic-Programming-Assignment\Assignment\Robot.cpp(1460,24): warning C4305: 'argument': truncation from 'double' to 'GLfloat'
D:\Schoolwork\Degree\Y2S2\Graphics Programming\Graphic-Programming-Assignment\Assignment\Robot.cpp(1470,27): warning C4305: 'argument': truncation from 'double' to 'GLfloat'
D:\Schoolwork\Degree\Y2S2\Graphics Programming\Graphic-Programming-Assignment\Assignment\Robot.cpp(1472,27): warning C4305: 'argument': truncation from 'double' to 'float'
D:\Schoolwork\Degree\Y2S2\Graphics Programming\Graphic-Programming-Assignment\Assignment\Robot.cpp(1483,26): warning C4305: 'argument': truncation from 'double' to 'GLfloat'
D:\Schoolwork\Degree\Y2S2\Graphics Programming\Graphic-Programming-Assignment\Assignment\Robot.cpp(1485,27): warning C4305: 'argument': truncation from 'double' to 'float'
D:\Schoolwork\Degree\Y2S2\Graphics Programming\Graphic-Programming-Assignment\Assignment\Robot.cpp(1495,26): warning C4305: 'argument': truncation from 'double' to 'GLfloat'
D:\Schoolwork\Degree\Y2S2\Graphics Programming\Graphic-Programming-Assignment\Assignment\Robot.cpp(1501,24): warning C4305: 'argument': truncation from 'double' to 'GLfloat'
D:\Schoolwork\Degree\Y2S2\Graphics Programming\Graphic-Programming-Assignment\Assignment\Robot.cpp(1503,27): warning C4305: 'argument': truncation from 'double' to 'float'
D:\Schoolwork\Degree\Y2S2\Graphics Programming\Graphic-Programming-Assignment\Assignment\Robot.cpp(1509,24): warning C4305: 'argument': truncation from 'double' to 'GLfloat'
D:\Schoolwork\Degree\Y2S2\Graphics Programming\Graphic-Programming-Assignment\Assignment\Robot.cpp(1517,27): warning C4305: 'argument': truncation from 'double' to 'GLfloat'
D:\Schoolwork\Degree\Y2S2\Graphics Programming\Graphic-Programming-Assignment\Assignment\Robot.cpp(1519,27): warning C4305: 'argument': truncation from 'double' to 'float'
D:\Schoolwork\Degree\Y2S2\Graphics Programming\Graphic-Programming-Assignment\Assignment\Robot.cpp(1526,24): warning C4305: 'argument': truncation from 'double' to 'GLfloat'
D:\Schoolwork\Degree\Y2S2\Graphics Programming\Graphic-Programming-Assignment\Assignment\Robot.cpp(1536,27): warning C4305: 'argument': truncation from 'double' to 'float'
D:\Schoolwork\Degree\Y2S2\Graphics Programming\Graphic-Programming-Assignment\Assignment\Robot.cpp(1542,26): warning C4305: 'argument': truncation from 'double' to 'GLfloat'
D:\Schoolwork\Degree\Y2S2\Graphics Programming\Graphic-Programming-Assignment\Assignment\Robot.cpp(1546,24): warning C4305: 'argument': truncation from 'double' to 'GLfloat'
D:\Schoolwork\Degree\Y2S2\Graphics Programming\Graphic-Programming-Assignment\Assignment\Robot.cpp(1548,27): warning C4305: 'argument': truncation from 'double' to 'float'
D:\Schoolwork\Degree\Y2S2\Graphics Programming\Graphic-Programming-Assignment\Assignment\Robot.cpp(1552,25): warning C4305: 'argument': truncation from 'double' to 'GLfloat'
D:\Schoolwork\Degree\Y2S2\Graphics Programming\Graphic-Programming-Assignment\Assignment\Robot.cpp(1554,27): warning C4305: 'argument': truncation from 'double' to 'float'
D:\Schoolwork\Degree\Y2S2\Graphics Programming\Graphic-Programming-Assignment\Assignment\Robot.cpp(1559,28): warning C4305: 'argument': truncation from 'double' to 'GLfloat'
D:\Schoolwork\Degree\Y2S2\Graphics Programming\Graphic-Programming-Assignment\Assignment\Robot.cpp(1561,27): warning C4305: 'argument': truncation from 'double' to 'float'
D:\Schoolwork\Degree\Y2S2\Graphics Programming\Graphic-Programming-Assignment\Assignment\Robot.cpp(1567,57): warning C4305: 'argument': truncation from 'double' to 'float'
D:\Schoolwork\Degree\Y2S2\Graphics Programming\Graphic-Programming-Assignment\Assignment\Robot.cpp(1569,61): warning C4305: 'argument': truncation from 'double' to 'float'
D:\Schoolwork\Degree\Y2S2\Graphics Programming\Graphic-Programming-Assignment\Assignment\Robot.cpp(1573,30): warning C4305: 'argument': truncation from 'double' to 'GLfloat'
D:\Schoolwork\Degree\Y2S2\Graphics Programming\Graphic-Programming-Assignment\Assignment\Robot.cpp(1584,30): warning C4305: 'argument': truncation from 'double' to 'GLfloat'
D:\Schoolwork\Degree\Y2S2\Graphics Programming\Graphic-Programming-Assignment\Assignment\Robot.cpp(1608,24): warning C4305: 'argument': truncation from 'double' to 'GLfloat'
D:\Schoolwork\Degree\Y2S2\Graphics Programming\Graphic-Programming-Assignment\Assignment\Robot.cpp(1609,25): warning C4305: 'argument': truncation from 'double' to 'GLfloat'
D:\Schoolwork\Degree\Y2S2\Graphics Programming\Graphic-Programming-Assignment\Assignment\Robot.cpp(1610,27): warning C4305: 'argument': truncation from 'double' to 'GLfloat'
D:\Schoolwork\Degree\Y2S2\Graphics Programming\Graphic-Programming-Assignment\Assignment\Robot.cpp(1613,30): warning C4305: 'argument': truncation from 'double' to 'GLfloat'
D:\Schoolwork\Degree\Y2S2\Graphics Programming\Graphic-Programming-Assignment\Assignment\Robot.cpp(1625,31): warning C4305: 'argument': truncation from 'double' to 'GLfloat'
D:\Schoolwork\Degree\Y2S2\Graphics Programming\Graphic-Programming-Assignment\Assignment\Robot.cpp(1640,26): warning C4305: 'argument': truncation from 'double' to 'GLfloat'
D:\Schoolwork\Degree\Y2S2\Graphics Programming\Graphic-Programming-Assignment\Assignment\Robot.cpp(1651,27): warning C4305: 'argument': truncation from 'double' to 'GLfloat'
D:\Schoolwork\Degree\Y2S2\Graphics Programming\Graphic-Programming-Assignment\Assignment\Robot.cpp(1665,27): warning C4305: 'argument': truncation from 'double' to 'GLfloat'
D:\Schoolwork\Degree\Y2S2\Graphics Programming\Graphic-Programming-Assignment\Assignment\Robot.cpp(1671,27): warning C4305: 'argument': truncation from 'double' to 'float'
D:\Schoolwork\Degree\Y2S2\Graphics Programming\Graphic-Programming-Assignment\Assignment\Robot.cpp(1674,25): warning C4305: 'argument': truncation from 'double' to 'GLfloat'
D:\Schoolwork\Degree\Y2S2\Graphics Programming\Graphic-Programming-Assignment\Assignment\Robot.cpp(1676,27): warning C4305: 'argument': truncation from 'double' to 'float'
D:\Schoolwork\Degree\Y2S2\Graphics Programming\Graphic-Programming-Assignment\Assignment\Robot.cpp(1683,24): warning C4305: 'argument': truncation from 'double' to 'GLfloat'
D:\Schoolwork\Degree\Y2S2\Graphics Programming\Graphic-Programming-Assignment\Assignment\Robot.cpp(1695,27): warning C4305: 'argument': truncation from 'double' to 'GLfloat'
D:\Schoolwork\Degree\Y2S2\Graphics Programming\Graphic-Programming-Assignment\Assignment\Robot.cpp(1696,24): warning C4305: 'argument': truncation from 'double' to 'GLfloat'
D:\Schoolwork\Degree\Y2S2\Graphics Programming\Graphic-Programming-Assignment\Assignment\Robot.cpp(1711,24): warning C4305: 'argument': truncation from 'double' to 'GLfloat'
D:\Schoolwork\Degree\Y2S2\Graphics Programming\Graphic-Programming-Assignment\Assignment\Robot.cpp(1719,24): warning C4305: 'argument': truncation from 'double' to 'GLfloat'
D:\Schoolwork\Degree\Y2S2\Graphics Programming\Graphic-Programming-Assignment\Assignment\Robot.cpp(1730,26): warning C4305: 'argument': truncation from 'double' to 'GLfloat'
D:\Schoolwork\Degree\Y2S2\Graphics Programming\Graphic-Programming-Assignment\Assignment\Robot.cpp(1734,24): warning C4305: 'argument': truncation from 'double' to 'GLfloat'
D:\Schoolwork\Degree\Y2S2\Graphics Programming\Graphic-Programming-Assignment\Assignment\Robot.cpp(1744,25): warning C4305: 'argument': truncation from 'double' to 'GLfloat'
D:\Schoolwork\Degree\Y2S2\Graphics Programming\Graphic-Programming-Assignment\Assignment\Robot.cpp(1745,20): warning C4305: 'argument': truncation from 'double' to 'GLfloat'
D:\Schoolwork\Degree\Y2S2\Graphics Programming\Graphic-Programming-Assignment\Assignment\Robot.cpp(1760,25): warning C4305: 'argument': truncation from 'double' to 'GLfloat'
D:\Schoolwork\Degree\Y2S2\Graphics Programming\Graphic-Programming-Assignment\Assignment\Robot.cpp(2148,33): warning C4305: 'argument': truncation from 'double' to 'GLfloat'
D:\Schoolwork\Degree\Y2S2\Graphics Programming\Graphic-Programming-Assignment\Assignment\Robot.cpp(2158,33): warning C4305: 'argument': truncation from 'double' to 'GLfloat'
D:\Schoolwork\Degree\Y2S2\Graphics Programming\Graphic-Programming-Assignment\Assignment\Robot.cpp(2471,31): warning C4305: 'argument': truncation from 'double' to 'GLfloat'
D:\Schoolwork\Degree\Y2S2\Graphics Programming\Graphic-Programming-Assignment\Assignment\Robot.cpp(2473,31): warning C4305: 'argument': truncation from 'double' to 'GLfloat'
D:\Schoolwork\Degree\Y2S2\Graphics Programming\Graphic-Programming-Assignment\Assignment\Robot.cpp(2483,31): warning C4305: 'argument': truncation from 'double' to 'GLfloat'
D:\Schoolwork\Degree\Y2S2\Graphics Programming\Graphic-Programming-Assignment\Assignment\Robot.cpp(2485,31): warning C4305: 'argument': truncation from 'double' to 'GLfloat'
D:\Schoolwork\Degree\Y2S2\Graphics Programming\Graphic-Programming-Assignment\Assignment\Robot.cpp(2495,31): warning C4305: 'argument': truncation from 'double' to 'GLfloat'
D:\Schoolwork\Degree\Y2S2\Graphics Programming\Graphic-Programming-Assignment\Assignment\Robot.cpp(2497,31): warning C4305: 'argument': truncation from 'double' to 'GLfloat'
D:\Schoolwork\Degree\Y2S2\Graphics Programming\Graphic-Programming-Assignment\Assignment\Robot.cpp(2507,31): warning C4305: 'argument': truncation from 'double' to 'GLfloat'
D:\Schoolwork\Degree\Y2S2\Graphics Programming\Graphic-Programming-Assignment\Assignment\Robot.cpp(2509,31): warning C4305: 'argument': truncation from 'double' to 'GLfloat'
D:\Schoolwork\Degree\Y2S2\Graphics Programming\Graphic-Programming-Assignment\Assignment\Robot.cpp(2590,31): warning C4305: 'argument': truncation from 'double' to 'GLfloat'
D:\Schoolwork\Degree\Y2S2\Graphics Programming\Graphic-Programming-Assignment\Assignment\Robot.cpp(2592,31): warning C4305: 'argument': truncation from 'double' to 'GLfloat'
D:\Schoolwork\Degree\Y2S2\Graphics Programming\Graphic-Programming-Assignment\Assignment\Robot.cpp(2602,31): warning C4305: 'argument': truncation from 'double' to 'GLfloat'
D:\Schoolwork\Degree\Y2S2\Graphics Programming\Graphic-Programming-Assignment\Assignment\Robot.cpp(2604,31): warning C4305: 'argument': truncation from 'double' to 'GLfloat'
D:\Schoolwork\Degree\Y2S2\Graphics Programming\Graphic-Programming-Assignment\Assignment\Robot.cpp(3136,27): warning C4305: 'argument': truncation from 'double' to 'GLfloat'
  Assignment.vcxproj -> D:\Schoolwork\Degree\Y2S2\Graphics Programming\Graphic-Programming-Assignment\Debug\Assignment.exe
